<?xml version="1.0" encoding="UTF-8"?>
<!-- Generated by org.testng.reporters.JUnitReportReporter -->
<testsuite hostname="DESKTOP-C5UC5JG" failures="0" tests="1" name="TestCases.MergeLead" time="18.762" errors="0" timestamp="2024-11-15T10:51:56 IST" skipped="0">
  <testcase classname="TestCases.MergeLead" name="verifyMergeLeads" time="18.762"/>
  <system-out/>
</testsuite> <!-- TestCases.MergeLead -->
