<?xml version="1.0" encoding="UTF-8"?>
<!-- Generated by org.testng.reporters.JUnitReportReporter -->
<testsuite hostname="DESKTOP-C5UC5JG" failures="0" tests="3" name="TestCases.TC001LoginLogout" time="105.501" errors="0" timestamp="2024-11-16T12:32:13 IST" skipped="0">
  <testcase classname="TestCases.TC001LoginLogout" name="VerifyLoginLogoutStatus" time="34.859"/>
  <system-out/>
  <testcase classname="TestCases.TC001LoginLogout" name="VerifyLoginLogoutStatus" time="35.961"/>
  <system-out/>
  <testcase classname="TestCases.TC001LoginLogout" name="VerifyLoginLogoutStatus" time="34.681"/>
  <system-out/>
</testsuite> <!-- TestCases.TC001LoginLogout -->
