<?xml version="1.0" encoding="UTF-8"?>
<!-- Generated by org.testng.reporters.JUnitReportReporter -->
<testsuite hostname="DESKTOP-C5UC5JG" failures="0" tests="3" name="TestCases.TC002CreateLead" time="147.213" errors="0" timestamp="2024-11-16T12:32:13 IST" skipped="0">
  <testcase classname="TestCases.TC002CreateLead" name="verifyCreateLead" time="42.903"/>
  <system-out/>
  <testcase classname="TestCases.TC002CreateLead" name="verifyCreateLead" time="55.438"/>
  <system-out/>
  <testcase classname="TestCases.TC002CreateLead" name="verifyCreateLead" time="48.872"/>
  <system-out/>
</testsuite> <!-- TestCases.TC002CreateLead -->
