<?xml version="1.0" encoding="UTF-8"?>
<!-- Generated by org.testng.reporters.JUnitReportReporter -->
<testsuite hostname="DESKTOP-C5UC5JG" failures="0" tests="3" name="TestCases.TC003MergeLead" time="67.120" errors="0" timestamp="2024-11-16T12:32:13 IST" skipped="0">
  <testcase classname="TestCases.TC003MergeLead" name="verifyMergeLeads" time="19.278"/>
  <system-out/>
  <testcase classname="TestCases.TC003MergeLead" name="verifyMergeLeads" time="24.656"/>
  <system-out/>
  <testcase classname="TestCases.TC003MergeLead" name="verifyMergeLeads" time="23.186"/>
  <system-out/>
</testsuite> <!-- TestCases.TC003MergeLead -->
