<?xml version="1.0" encoding="UTF-8"?>
<!-- Generated by org.testng.reporters.JUnitReportReporter -->
<testsuite hostname="DESKTOP-C5UC5JG" failures="0" tests="3" name="TestCases.TC005CreateLead_TDD" time="52.090" errors="0" timestamp="2024-11-16T12:09:21 IST" skipped="0">
  <testcase classname="TestCases.TC005CreateLead_TDD" name="verifyCreateLead" time="16.205"/>
  <system-out/>
  <testcase classname="TestCases.TC005CreateLead_TDD" name="verifyCreateLead" time="18.853"/>
  <system-out/>
  <testcase classname="TestCases.TC005CreateLead_TDD" name="verifyCreateLead" time="17.032"/>
  <system-out/>
</testsuite> <!-- TestCases.TC005CreateLead_TDD -->
